# JRE version: OpenJDK Runtime Environment Temurin-21.0.6+7 (21.0.6+7) (build 21.0.6+7-LTS)
# Java VM: OpenJDK 64-Bit Server VM Temurin-21.0.6+7 (21.0.6+7-LTS, mixed mode, emulated-client, sharing, tiered, compressed oops, compressed class ptrs, g1 gc, windows-amd64)
GC Precious Log:
 CardTable entry size: 512
 Card Set container configuration: InlinePtr #cards 4 size 8 Array Of Cards #cards 32 size 80 Howl #buckets 8 coarsen threshold 7372 Howl Bitmap #cards 1024 size 144 coarsen threshold 921 Card regions per heap region 1 cards per card region 8192
 CPUs: 16 total, 16 available
 Memory: 32679M
 Large Page Support: Disabled
 NUMA Support: Disabled
 Compressed Oops: Enabled (Zero based)
 Heap Region Size: 4M
 Heap Min Capacity: 8M
 Heap Initial Capacity: 512M
 Heap Max Capacity: 8172M
 Pre-touch: Disabled
 Parallel Workers: 13
 Concurrent Workers: 3
 Concurrent Refinement Workers: 13
 Periodic GC: Disabled
Heap:
 garbage-first heap   total 139264K, used 57449K [0x0000000601400000, 0x0000000800000000)
  region size 4096K, 11 young (45056K), 4 survivors (16384K)
 Metaspace       used 22374K, committed 23744K, reserved 1114112K
  class space    used 3236K, committed 3840K, reserved 1048576K
GC Heap History (14 events):
Event: 1.405 GC heap before
{Heap before GC invocations=0 (full 0):
 garbage-first heap   total 524288K, used 20480K [0x0000000601400000, 0x0000000800000000)
  region size 4096K, 6 young (24576K), 0 survivors (0K)
 Metaspace       used 3807K, committed 4032K, reserved 1114112K
  class space    used 434K, committed 576K, reserved 1048576K
}
Event: 1.411 GC heap after
{Heap after GC invocations=1 (full 0):
 garbage-first heap   total 524288K, used 11052K [0x0000000601400000, 0x0000000800000000)
  region size 4096K, 1 young (4096K), 1 survivors (4096K)
 Metaspace       used 3807K, committed 4032K, reserved 1114112K
  class space    used 434K, committed 576K, reserved 1048576K
}
Event: 1.911 GC heap before
{Heap before GC invocations=1 (full 0):
 garbage-first heap   total 524288K, used 19244K [0x0000000601400000, 0x0000000800000000)
  region size 4096K, 4 young (16384K), 1 survivors (4096K)
 Metaspace       used 4070K, committed 4352K, reserved 1114112K
  class space    used 480K, committed 640K, reserved 1048576K
}
Event: 1.914 GC heap after
{Heap after GC invocations=2 (full 0):
 garbage-first heap   total 524288K, used 17340K [0x0000000601400000, 0x0000000800000000)
  region size 4096K, 1 young (4096K), 1 survivors (4096K)
 Metaspace       used 4070K, committed 4352K, reserved 1114112K
  class space    used 480K, committed 640K, reserved 1048576K
}
Event: 2.035 GC heap before
{Heap before GC invocations=3 (full 0):
 garbage-first heap   total 69632K, used 46012K [0x0000000601400000, 0x0000000800000000)
  region size 4096K, 8 young (32768K), 1 survivors (4096K)
 Metaspace       used 4080K, committed 4352K, reserved 1114112K
  class space    used 484K, committed 640K, reserved 1048576K
}
Event: 2.038 GC heap after
{Heap after GC invocations=4 (full 0):
 garbage-first heap   total 69632K, used 21727K [0x0000000601400000, 0x0000000800000000)
  region size 4096K, 1 young (4096K), 1 survivors (4096K)
 Metaspace       used 4080K, committed 4352K, reserved 1114112K
  class space    used 484K, committed 640K, reserved 1048576K
}
Event: 2.098 GC heap before
{Heap before GC invocations=4 (full 0):
 garbage-first heap   total 69632K, used 38111K [0x0000000601400000, 0x0000000800000000)
  region size 4096K, 5 young (20480K), 1 survivors (4096K)
 Metaspace       used 4080K, committed 4352K, reserved 1114112K
  class space    used 484K, committed 640K, reserved 1048576K
}
Event: 2.102 GC heap after
{Heap after GC invocations=5 (full 0):
 garbage-first heap   total 69632K, used 24227K [0x0000000601400000, 0x0000000800000000)
  region size 4096K, 1 young (4096K), 1 survivors (4096K)
 Metaspace       used 4080K, committed 4352K, reserved 1114112K
  class space    used 484K, committed 640K, reserved 1048576K
}
Event: 2.318 GC heap before
{Heap before GC invocations=5 (full 0):
 garbage-first heap   total 69632K, used 36515K [0x0000000601400000, 0x0000000800000000)
  region size 4096K, 5 young (20480K), 1 survivors (4096K)
 Metaspace       used 6128K, committed 6464K, reserved 1114112K
  class space    used 742K, committed 896K, reserved 1048576K
}
Event: 2.321 GC heap after
{Heap after GC invocations=6 (full 0):
 garbage-first heap   total 69632K, used 25647K [0x0000000601400000, 0x0000000800000000)
  region size 4096K, 1 young (4096K), 1 survivors (4096K)
 Metaspace       used 6128K, committed 6464K, reserved 1114112K
  class space    used 742K, committed 896K, reserved 1048576K
}
Event: 2.613 GC heap before
{Heap before GC invocations=6 (full 0):
 garbage-first heap   total 69632K, used 42031K [0x0000000601400000, 0x0000000800000000)
  region size 4096K, 6 young (24576K), 1 survivors (4096K)
 Metaspace       used 8615K, committed 8960K, reserved 1114112K
  class space    used 1057K, committed 1216K, reserved 1048576K
}
Event: 2.616 GC heap after
{Heap after GC invocations=7 (full 0):
 garbage-first heap   total 299008K, used 26560K [0x0000000601400000, 0x0000000800000000)
  region size 4096K, 1 young (4096K), 1 survivors (4096K)
 Metaspace       used 8615K, committed 8960K, reserved 1114112K
  class space    used 1057K, committed 1216K, reserved 1048576K
}
Event: 3.410 GC heap before
{Heap before GC invocations=7 (full 0):
 garbage-first heap   total 299008K, used 133056K [0x0000000601400000, 0x0000000800000000)
  region size 4096K, 29 young (118784K), 1 survivors (4096K)
 Metaspace       used 19827K, committed 21056K, reserved 1114112K
  class space    used 2833K, committed 3392K, reserved 1048576K
}
Event: 3.417 GC heap after
{Heap after GC invocations=8 (full 0):
 garbage-first heap   total 299008K, used 36969K [0x0000000601400000, 0x0000000800000000)
  region size 4096K, 4 young (16384K), 4 survivors (16384K)
 Metaspace       used 19827K, committed 21056K, reserved 1114112K
  class space    used 2833K, committed 3392K, reserved 1048576K
}

